<?xml version="1.0" encoding="UTF-8"?>
<testsuite name="CalculatorTest" tests="6" skipped="0" failures="0" errors="0" timestamp="2020-01-13T05:44:32" hostname="INPUL5CG8503ZPT" time="0.203">
  <properties/>
  <testcase name="calculator class initialized then return true" classname="CalculatorTest" time="0.187"/>
  <testcase name="when Addition Two Number Then Return Correct Answer" classname="CalculatorTest" time="0.002"/>
  <testcase name="when Subtraction Then Return Correct Answer" classname="CalculatorTest" time="0.002"/>
  <testcase name="division should return correct answer" classname="CalculatorTest" time="0.002"/>
  <testcase name="for division by zero throw exception" classname="CalculatorTest" time="0.007"/>
  <testcase name="for division by -ve number" classname="CalculatorTest" time="0.001"/>
  <system-out><![CDATA[]]></system-out>
  <system-err><![CDATA[]]></system-err>
</testsuite>
